[2023-03-14 05:48:49] [INFO    ] discord.client: logging in using static token
[2023-03-14 05:48:50] [INFO    ] discord.gateway: Shard ID 0 has connected to Gateway (Session ID: 67e4dab0065163a49ac033b6949103b3).
[2023-03-14 05:48:56] [INFO    ] discord.gateway: Shard ID 1 has connected to Gateway (Session ID: 15c29955939561fee47e58b772ea3fcd).
[2023-03-14 05:49:52] [INFO    ] discord.client: logging in using static token
[2023-03-14 05:49:53] [INFO    ] discord.gateway: Shard ID 0 has connected to Gateway (Session ID: 44b1549ea62378a120536ea7db294259).
[2023-03-14 05:49:59] [INFO    ] discord.gateway: Shard ID 1 has connected to Gateway (Session ID: e2f6c0c8736194648f26fc74de3a2f7f).
[2023-03-14 05:50:52] [INFO    ] discord.client: logging in using static token
[2023-03-14 05:50:54] [INFO    ] discord.gateway: Shard ID 0 has connected to Gateway (Session ID: 6dcfb55b434f5e7a4c6ee6faba42754d).
[2023-03-14 05:50:59] [INFO    ] discord.gateway: Shard ID 1 has connected to Gateway (Session ID: be318fa6a0040444ab3c362e055fa337).
[2023-03-14 06:10:52] [INFO    ] discord.gateway: Shard ID 1 has successfully RESUMED session be318fa6a0040444ab3c362e055fa337.
[2023-03-14 06:26:50] [INFO    ] discord.client: logging in using static token
[2023-03-14 06:26:52] [INFO    ] discord.gateway: Shard ID 0 has connected to Gateway (Session ID: 1030d414574589ddf99b4b207cb4ff34).
[2023-03-14 06:26:57] [INFO    ] discord.gateway: Shard ID 1 has connected to Gateway (Session ID: 49662cff51f96a73fd0633527b6df6c9).
[2023-03-14 06:32:15] [INFO    ] discord.client: logging in using static token
[2023-03-14 06:33:23] [INFO    ] discord.client: logging in using static token
[2023-03-14 06:35:38] [INFO    ] discord.client: logging in using static token
[2023-03-14 06:35:40] [INFO    ] discord.gateway: Shard ID 0 has connected to Gateway (Session ID: 329ea7da6ac0e588bc8c7f94d8bd06e4).
[2023-03-14 06:35:45] [INFO    ] discord.gateway: Shard ID 1 has connected to Gateway (Session ID: 313b31c862e35fc18cf4934235ec4e1b).
[2023-03-14 06:37:01] [INFO    ] discord.client: logging in using static token
[2023-03-14 06:37:03] [INFO    ] discord.gateway: Shard ID 0 has connected to Gateway (Session ID: a618cb27b32f3d62b36632c1b0fbbb3a).
[2023-03-14 06:37:08] [INFO    ] discord.gateway: Shard ID 1 has connected to Gateway (Session ID: e3ede0b1ad1ebd3c6943cd5274050416).
[2023-03-14 06:37:29] [INFO    ] discord.client: logging in using static token
[2023-03-14 06:37:31] [INFO    ] discord.gateway: Shard ID 0 has connected to Gateway (Session ID: 49299fcb1e45f17df5612fec85ffb35b).
[2023-03-14 06:37:36] [INFO    ] discord.gateway: Shard ID 1 has connected to Gateway (Session ID: 5c1e9093bd05321f21de244259f7a554).
[2023-03-14 06:38:20] [INFO    ] discord.client: logging in using static token
[2023-03-14 06:38:22] [INFO    ] discord.gateway: Shard ID 0 has connected to Gateway (Session ID: bbcc0486ad9c22ddb3edb5d431bd8ee7).
[2023-03-14 06:38:27] [INFO    ] discord.gateway: Shard ID 1 has connected to Gateway (Session ID: 08b0c502bb955f59ed01b3cdafc1d652).
[2023-03-14 06:52:15] [INFO    ] discord.client: logging in using static token
[2023-03-14 06:52:17] [INFO    ] discord.gateway: Shard ID 0 has connected to Gateway (Session ID: 83ffead7edc957032c97978558a24fe7).
[2023-03-14 06:52:22] [INFO    ] discord.gateway: Shard ID 1 has connected to Gateway (Session ID: 2a05af68ab476be11d0ab25842854d4b).
[2023-03-14 06:55:02] [INFO    ] discord.client: logging in using static token
[2023-03-14 06:55:04] [INFO    ] discord.gateway: Shard ID 0 has connected to Gateway (Session ID: ad598015d89089e9b253931ad676b03b).
[2023-03-14 06:55:58] [INFO    ] discord.client: logging in using static token
[2023-03-14 06:56:00] [INFO    ] discord.gateway: Shard ID 0 has connected to Gateway (Session ID: 4fa42318a610faf4025a445ee9727ac3).
[2023-03-14 06:56:05] [INFO    ] discord.gateway: Shard ID 1 has connected to Gateway (Session ID: af54e5aa7b1ff6f438eba0cff8bf6678).
[2023-03-14 06:56:38] [INFO    ] discord.client: logging in using static token
[2023-03-14 06:56:39] [INFO    ] discord.gateway: Shard ID 0 has connected to Gateway (Session ID: 3704075bc1fc6527a42b60635498e043).
[2023-03-14 06:56:44] [INFO    ] discord.gateway: Shard ID 1 has connected to Gateway (Session ID: 549c4764e37e1495362e20150ec00d83).
[2023-03-14 06:57:11] [INFO    ] discord.client: logging in using static token
[2023-03-14 06:57:13] [INFO    ] discord.gateway: Shard ID 0 has connected to Gateway (Session ID: 35e916aba1e60a1930e8af4820578e66).
[2023-03-14 06:57:18] [INFO    ] discord.gateway: Shard ID 1 has connected to Gateway (Session ID: 8f8c5a4a8de7cc6eeef1fbaf104baf93).
[2023-03-14 06:57:55] [INFO    ] discord.client: logging in using static token
[2023-03-14 06:57:57] [INFO    ] discord.gateway: Shard ID 0 has connected to Gateway (Session ID: 1322d038b990e8d3d192c677fa32cf18).
[2023-03-14 06:58:02] [INFO    ] discord.gateway: Shard ID 1 has connected to Gateway (Session ID: a5b59a00a1ae26c44421a124d0dbc689).
[2023-03-14 06:58:59] [INFO    ] discord.client: logging in using static token
[2023-03-14 06:59:01] [INFO    ] discord.gateway: Shard ID 0 has connected to Gateway (Session ID: 8d3f965d7bb93f3bd3dcc228ccbe89cf).
[2023-03-14 06:59:06] [INFO    ] discord.gateway: Shard ID 1 has connected to Gateway (Session ID: 7c8dac8974b01f452f4d55bdefd00ccd).
[2023-03-14 06:59:37] [INFO    ] discord.client: logging in using static token
[2023-03-14 06:59:39] [INFO    ] discord.gateway: Shard ID 0 has connected to Gateway (Session ID: 804f78fd6518ff3f940573f851713cf2).
[2023-03-14 06:59:44] [INFO    ] discord.gateway: Shard ID 1 has connected to Gateway (Session ID: 4951b9a33c5132f38958b38648c2fc25).
[2023-03-14 07:00:07] [INFO    ] discord.client: logging in using static token
[2023-03-14 07:00:09] [INFO    ] discord.gateway: Shard ID 0 has connected to Gateway (Session ID: 28b368ff05fed4805f6fdca3277c54a5).
[2023-03-14 07:00:14] [INFO    ] discord.gateway: Shard ID 1 has connected to Gateway (Session ID: a2935ef78654a18268955555581f20c7).
[2023-03-14 07:01:24] [INFO    ] discord.client: logging in using static token
[2023-03-14 07:01:26] [INFO    ] discord.gateway: Shard ID 0 has connected to Gateway (Session ID: 3697e84a756fa0e09f618ce2b0289526).
[2023-03-14 07:01:32] [INFO    ] discord.gateway: Shard ID 1 has connected to Gateway (Session ID: a216845dfe86402e2c3492e2546f5cba).
[2023-03-14 07:08:46] [INFO    ] discord.client: logging in using static token
[2023-03-14 07:08:48] [INFO    ] discord.gateway: Shard ID 0 has connected to Gateway (Session ID: 6e78808dbc73d7dc8d9ce61dde128f1e).
[2023-03-14 07:08:53] [INFO    ] discord.gateway: Shard ID 1 has connected to Gateway (Session ID: 7c113f8da2ccc453274e8e7c012e0450).
[2023-03-14 07:09:36] [INFO    ] discord.client: logging in using static token
[2023-03-14 07:09:38] [INFO    ] discord.gateway: Shard ID 0 has connected to Gateway (Session ID: ef63dc12457a40ee5474219defd0fb66).
[2023-03-14 07:09:44] [INFO    ] discord.gateway: Shard ID 1 has connected to Gateway (Session ID: f316d892c2eb73e10e956da464233712).
[2023-03-14 07:26:40] [INFO    ] discord.gateway: Shard ID 0 has successfully RESUMED session ef63dc12457a40ee5474219defd0fb66.
[2023-03-14 07:28:19] [INFO    ] discord.client: logging in using static token
[2023-03-14 07:28:21] [INFO    ] discord.gateway: Shard ID 0 has connected to Gateway (Session ID: 6e62cd73aa5417e4145fbdf8f23647d9).
[2023-03-14 07:28:36] [INFO    ] discord.client: logging in using static token
[2023-03-14 07:28:38] [INFO    ] discord.gateway: Shard ID 0 has connected to Gateway (Session ID: 47d056f9a3e88045e0ceb92936fb2c63).
[2023-03-14 07:28:43] [INFO    ] discord.gateway: Shard ID 1 has connected to Gateway (Session ID: b6d5939c68d55123ea5ca2394d1d0d43).
[2023-03-14 07:30:06] [INFO    ] discord.client: logging in using static token
[2023-03-14 07:30:08] [INFO    ] discord.gateway: Shard ID 0 has connected to Gateway (Session ID: 85976c42b4d6abc891980df280c4f4e8).
[2023-03-14 07:30:13] [INFO    ] discord.gateway: Shard ID 1 has connected to Gateway (Session ID: aade7e1c45e24c6aba86500ef9bd9398).
[2023-03-14 07:30:49] [INFO    ] discord.client: logging in using static token
[2023-03-14 07:30:51] [INFO    ] discord.gateway: Shard ID 0 has connected to Gateway (Session ID: 75bc2a2580abd0f11bb23f6e10f8d6c8).
[2023-03-14 07:30:56] [INFO    ] discord.gateway: Shard ID 1 has connected to Gateway (Session ID: 8f0c3952faa8e5af0d2530d28da56f63).
[2023-03-14 07:31:33] [INFO    ] discord.client: logging in using static token
[2023-03-14 07:31:35] [INFO    ] discord.gateway: Shard ID 0 has connected to Gateway (Session ID: 0856a6637d560e915ae3d33d177d3a1d).
[2023-03-14 07:31:40] [INFO    ] discord.gateway: Shard ID 1 has connected to Gateway (Session ID: 60736a58a3f9cc7c96b9e497fb06e496).
[2023-03-14 07:56:39] [INFO    ] discord.gateway: Shard ID 0 has successfully RESUMED session 0856a6637d560e915ae3d33d177d3a1d.
[2023-03-14 08:13:00] [INFO    ] discord.client: logging in using static token
[2023-03-14 08:13:01] [INFO    ] discord.gateway: Shard ID 0 has connected to Gateway (Session ID: 267a31bfcac8721009193399b7e4b114).
[2023-03-14 08:13:07] [INFO    ] discord.gateway: Shard ID 1 has connected to Gateway (Session ID: f932bcbcd896a4db47183d47c1bafffb).
[2023-03-14 08:13:26] [INFO    ] discord.client: logging in using static token
[2023-03-14 08:13:56] [INFO    ] discord.client: logging in using static token
[2023-03-14 08:13:58] [INFO    ] discord.gateway: Shard ID 0 has connected to Gateway (Session ID: 2ab24c1e0ae9a51b779d851fe14f1cc7).
[2023-03-14 08:14:03] [INFO    ] discord.gateway: Shard ID 1 has connected to Gateway (Session ID: 337f08bdaff5cad3c48b809987cbb247).
[2023-03-14 08:14:42] [INFO    ] discord.client: logging in using static token
[2023-03-14 08:14:44] [INFO    ] discord.gateway: Shard ID 0 has connected to Gateway (Session ID: 2a2e43fe0970ead7f71f7042f74b0e5c).
[2023-03-14 08:14:49] [INFO    ] discord.gateway: Shard ID 1 has connected to Gateway (Session ID: 6dfaaa0ec260f5734dbadc7ea4f67789).
[2023-03-14 08:18:51] [INFO    ] discord.client: logging in using static token
[2023-03-14 08:18:52] [INFO    ] discord.gateway: Shard ID 0 has connected to Gateway (Session ID: 3f94a18d1ed78507caa4996d61a86e93).
[2023-03-14 08:18:58] [INFO    ] discord.gateway: Shard ID 1 has connected to Gateway (Session ID: 311590f1da5ac43cbeca119f0e0597fb).
[2023-03-14 08:24:31] [INFO    ] discord.client: logging in using static token
[2023-03-14 08:24:47] [INFO    ] discord.client: logging in using static token
[2023-03-14 08:24:49] [INFO    ] discord.gateway: Shard ID 0 has connected to Gateway (Session ID: 629825223c72a9d7f0d8bbe5cc043020).
[2023-03-14 08:24:54] [INFO    ] discord.gateway: Shard ID 1 has connected to Gateway (Session ID: 646ce55c7dbddf274cff4ed04ab2b2de).
[2023-03-14 08:27:43] [INFO    ] discord.client: logging in using static token
[2023-03-14 08:27:44] [INFO    ] discord.gateway: Shard ID 0 has connected to Gateway (Session ID: 6921508e29e731ea440e4d1c827ed5d8).
[2023-03-14 08:27:50] [INFO    ] discord.gateway: Shard ID 1 has connected to Gateway (Session ID: 0cf4ae218dfb69f103825b83f98ca8a0).
[2023-03-14 08:28:04] [INFO    ] discord.client: logging in using static token
[2023-03-14 08:28:05] [INFO    ] discord.gateway: Shard ID 0 has connected to Gateway (Session ID: 7ec38111cc65fab7b558e305f9ad6bcb).
[2023-03-14 08:28:11] [INFO    ] discord.gateway: Shard ID 1 has connected to Gateway (Session ID: b10557b463d6f634c17ae7411a210894).
[2023-03-14 08:42:07] [INFO    ] discord.client: logging in using static token
[2023-03-14 08:42:08] [INFO    ] discord.gateway: Shard ID 0 has connected to Gateway (Session ID: 5c6b3de4d9b79bab70c64536d2b17434).
[2023-03-14 08:42:14] [INFO    ] discord.gateway: Shard ID 1 has connected to Gateway (Session ID: 73042e2a2a12a1f77954e098ffe6e63d).
[2023-03-14 08:46:00] [INFO    ] discord.client: logging in using static token
[2023-03-14 08:46:02] [INFO    ] discord.gateway: Shard ID 0 has connected to Gateway (Session ID: 736eee7558db87aa03ac8e9c196bca60).
[2023-03-14 08:46:07] [INFO    ] discord.gateway: Shard ID 1 has connected to Gateway (Session ID: f23007cbb46ef978d9080d1441c5929d).
[2023-03-14 08:50:32] [INFO    ] discord.client: logging in using static token
[2023-03-14 08:50:34] [INFO    ] discord.gateway: Shard ID 0 has connected to Gateway (Session ID: 26c53e6e409ff0bf318d1cdb7ee88be2).
[2023-03-14 08:50:39] [INFO    ] discord.gateway: Shard ID 1 has connected to Gateway (Session ID: aad627f9cd3fc2d5171c31bd565144ec).
[2023-03-14 08:54:52] [INFO    ] discord.client: logging in using static token
[2023-03-14 08:54:54] [INFO    ] discord.gateway: Shard ID 0 has connected to Gateway (Session ID: 060e295a186a312136c9285cd415e713).
[2023-03-14 08:55:55] [INFO    ] discord.client: logging in using static token
[2023-03-14 08:56:05] [INFO    ] discord.client: logging in using static token
[2023-03-14 08:56:07] [INFO    ] discord.gateway: Shard ID 0 has connected to Gateway (Session ID: 2f353aa6a5595bdebebd4ddf64d563c6).
[2023-03-14 08:56:13] [INFO    ] discord.gateway: Shard ID 1 has connected to Gateway (Session ID: 3e27ec50556e63927896a0ccf68b45fe).
[2023-03-14 08:56:46] [INFO    ] discord.client: logging in using static token
[2023-03-14 08:56:48] [INFO    ] discord.gateway: Shard ID 0 has connected to Gateway (Session ID: 50857f8ad87600f55b082563b1cd6714).
[2023-03-14 08:56:53] [INFO    ] discord.gateway: Shard ID 1 has connected to Gateway (Session ID: 5eb65780ed88a19d14e4c856ba99dc92).
[2023-03-14 08:57:17] [INFO    ] discord.client: logging in using static token
[2023-03-14 08:57:18] [INFO    ] discord.gateway: Shard ID 0 has connected to Gateway (Session ID: 6214f8a01f3b73d98f7abd92ee7956d4).
[2023-03-14 08:57:24] [INFO    ] discord.gateway: Shard ID 1 has connected to Gateway (Session ID: 7b7045aa16b044c048ddb778c3804ec2).
[2023-03-14 08:59:52] [INFO    ] discord.client: logging in using static token
[2023-03-14 08:59:53] [INFO    ] discord.gateway: Shard ID 0 has connected to Gateway (Session ID: a168f39859018453c10774b9e03ec869).
[2023-03-14 08:59:59] [INFO    ] discord.gateway: Shard ID 1 has connected to Gateway (Session ID: b7f994cce9dee915445a7580fe59e440).
[2023-03-14 09:00:33] [INFO    ] discord.client: logging in using static token
[2023-03-14 09:00:34] [INFO    ] discord.gateway: Shard ID 0 has connected to Gateway (Session ID: 04481973cba0d513316999dfe9b35270).
[2023-03-14 09:00:40] [INFO    ] discord.gateway: Shard ID 1 has connected to Gateway (Session ID: f9c1f3f059001d2894ef2e3124a3ad2b).
[2023-03-14 09:00:48] [INFO    ] discord.client: logging in using static token
[2023-03-14 09:00:49] [INFO    ] discord.gateway: Shard ID 0 has connected to Gateway (Session ID: fa54bf59520244a18811dafb28991f97).
[2023-03-14 09:00:55] [INFO    ] discord.gateway: Shard ID 1 has connected to Gateway (Session ID: 09f9049ecaf2cc5300089ac52a8c1183).
[2023-03-14 09:23:00] [INFO    ] discord.client: logging in using static token
[2023-03-14 09:23:02] [INFO    ] discord.gateway: Shard ID 0 has connected to Gateway (Session ID: 3deedbfbbc74abf24c8ebed5b234df5f).
[2023-03-14 09:23:07] [INFO    ] discord.gateway: Shard ID 1 has connected to Gateway (Session ID: 62ef43dd9ef087de855f562306e675a8).
[2023-03-14 09:23:47] [INFO    ] discord.client: logging in using static token
[2023-03-14 09:23:48] [INFO    ] discord.gateway: Shard ID 0 has connected to Gateway (Session ID: 48cd040de649220aa05406483220fa42).
[2023-03-14 09:24:16] [INFO    ] discord.client: logging in using static token
[2023-03-14 09:24:32] [INFO    ] discord.client: logging in using static token
[2023-03-14 09:24:33] [INFO    ] discord.gateway: Shard ID 0 has connected to Gateway (Session ID: 9cf4f0b37dd769541570d99c8f17cfa2).
[2023-03-14 09:24:39] [INFO    ] discord.gateway: Shard ID 1 has connected to Gateway (Session ID: e1c2423b17c1e5788cac712a9c31e97c).
[2023-03-14 09:24:58] [INFO    ] discord.client: logging in using static token
[2023-03-14 09:26:35] [INFO    ] discord.client: logging in using static token
[2023-03-14 09:26:36] [INFO    ] discord.gateway: Shard ID 0 has connected to Gateway (Session ID: ef9f44398da04c21302785bc7fc77dd1).
[2023-03-14 09:26:42] [INFO    ] discord.gateway: Shard ID 1 has connected to Gateway (Session ID: f4115e29c44f66bcdb25ac2f88dc4c4d).
[2023-03-14 09:32:46] [INFO    ] discord.client: logging in using static token
[2023-03-14 09:32:48] [INFO    ] discord.gateway: Shard ID 0 has connected to Gateway (Session ID: 88434acd27172af349df7dc80b47812e).
[2023-03-14 09:32:54] [INFO    ] discord.gateway: Shard ID 1 has connected to Gateway (Session ID: d1ad0abbf14cea57d9bc112a8ef1b1b5).
[2023-03-14 09:34:36] [INFO    ] discord.client: logging in using static token
[2023-03-14 09:34:38] [INFO    ] discord.gateway: Shard ID 0 has connected to Gateway (Session ID: aad3d1fc122acff12b01834ee4a14f70).
[2023-03-14 09:34:43] [INFO    ] discord.gateway: Shard ID 1 has connected to Gateway (Session ID: 7308c7710295f331fb4b9e86132d1db5).
[2023-03-14 09:35:06] [INFO    ] discord.client: logging in using static token
[2023-03-14 09:35:09] [INFO    ] discord.gateway: Shard ID 0 has connected to Gateway (Session ID: a2e5e34caa7a6ac0cfddabc279f3fb11).
[2023-03-14 09:35:14] [INFO    ] discord.gateway: Shard ID 1 has connected to Gateway (Session ID: 7b02acc0b3b7ce5e7a23b7e6f3f2d2b8).
[2023-03-14 09:37:05] [INFO    ] discord.client: logging in using static token
[2023-03-14 09:37:07] [INFO    ] discord.gateway: Shard ID 0 has connected to Gateway (Session ID: a16b27f89a52b3ddc70e0c884c2b9d6d).
[2023-03-14 09:37:13] [INFO    ] discord.gateway: Shard ID 1 has connected to Gateway (Session ID: bcb345ebcbdc58251c54fd5147450eda).
[2023-03-14 09:38:40] [INFO    ] discord.client: logging in using static token
[2023-03-14 09:38:42] [INFO    ] discord.gateway: Shard ID 0 has connected to Gateway (Session ID: 3716553fa3b4eaceb945792a42420562).
[2023-03-14 09:40:20] [INFO    ] discord.client: logging in using static token
[2023-03-14 09:40:22] [INFO    ] discord.gateway: Shard ID 0 has connected to Gateway (Session ID: 5888fbe917ebb872b55aeb3a7ef3642d).
[2023-03-14 09:41:02] [INFO    ] discord.client: logging in using static token
[2023-03-14 09:41:04] [INFO    ] discord.gateway: Shard ID 0 has connected to Gateway (Session ID: ca258868140060223dc9d8ca1db99643).
[2023-03-14 09:41:09] [INFO    ] discord.gateway: Shard ID 1 has connected to Gateway (Session ID: ceedb26866992a88dfbd64dea67eac94).
[2023-03-14 09:41:31] [INFO    ] discord.client: logging in using static token
[2023-03-14 09:41:33] [INFO    ] discord.gateway: Shard ID 0 has connected to Gateway (Session ID: 3e95fb5b50c6b6e0b19d073bea1c26a5).
[2023-03-14 09:42:06] [INFO    ] discord.client: logging in using static token
[2023-03-14 09:42:08] [INFO    ] discord.gateway: Shard ID 0 has connected to Gateway (Session ID: 39f5f2db2eae31fc876e1c2199c69542).
[2023-03-14 09:42:38] [INFO    ] discord.client: logging in using static token
[2023-03-14 09:42:40] [INFO    ] discord.gateway: Shard ID 0 has connected to Gateway (Session ID: abedbe6a9924f916a11c27e6f6c60d55).
[2023-03-14 09:43:05] [INFO    ] discord.client: logging in using static token
[2023-03-14 09:43:07] [INFO    ] discord.gateway: Shard ID 0 has connected to Gateway (Session ID: 6093470a0fd093e962ca731528ca807f).
[2023-03-14 09:43:12] [INFO    ] discord.gateway: Shard ID 1 has connected to Gateway (Session ID: 81244bd1bfdd164170b5441815c42baf).
[2023-03-14 09:43:15] [INFO    ] discord.client: logging in using static token
[2023-03-14 09:43:17] [INFO    ] discord.gateway: Shard ID 0 has connected to Gateway (Session ID: 3c6d80275dc84f4a0b15adcf43753267).
[2023-03-14 09:43:22] [INFO    ] discord.gateway: Shard ID 1 has connected to Gateway (Session ID: 8baef742ddf63ddf208732923bb95c58).
[2023-03-14 09:44:01] [INFO    ] discord.client: logging in using static token
[2023-03-14 09:44:03] [INFO    ] discord.gateway: Shard ID 0 has connected to Gateway (Session ID: c42a0b0a4563b6748288ade23a7515f6).
[2023-03-14 09:44:08] [INFO    ] discord.gateway: Shard ID 1 has connected to Gateway (Session ID: 4b5582669a33e0005a7666a3cdbd6c50).
[2023-03-14 09:47:45] [INFO    ] discord.client: logging in using static token
[2023-03-14 09:47:47] [INFO    ] discord.gateway: Shard ID 0 has connected to Gateway (Session ID: 35d8bd262342eea8edd6bd4c37bd6cce).
[2023-03-14 09:47:52] [INFO    ] discord.gateway: Shard ID 1 has connected to Gateway (Session ID: 7a2e08240e8813c2fb268992217f718a).
[2023-03-14 09:50:03] [INFO    ] discord.client: logging in using static token
[2023-03-14 09:50:05] [INFO    ] discord.gateway: Shard ID 0 has connected to Gateway (Session ID: 86b3f1efed559a18a31890bc11ea53d9).
[2023-03-14 09:50:11] [INFO    ] discord.gateway: Shard ID 1 has connected to Gateway (Session ID: 77d64bf8664eeff0ce8e6f91c94308e0).
[2023-03-14 11:43:55] [INFO    ] discord.gateway: Shard ID 0 has successfully RESUMED session 86b3f1efed559a18a31890bc11ea53d9.
[2023-03-14 13:12:58] [INFO    ] discord.gateway: Shard ID 0 has successfully RESUMED session 86b3f1efed559a18a31890bc11ea53d9.
[2023-03-14 13:26:44] [INFO    ] discord.gateway: Shard ID 1 has successfully RESUMED session 77d64bf8664eeff0ce8e6f91c94308e0.
[2023-03-14 13:52:02] [INFO    ] discord.gateway: Shard ID 1 has successfully RESUMED session 77d64bf8664eeff0ce8e6f91c94308e0.
[2023-03-14 15:14:48] [INFO    ] discord.gateway: Shard ID 1 has successfully RESUMED session 77d64bf8664eeff0ce8e6f91c94308e0.
[2023-03-14 15:17:53] [INFO    ] discord.client: logging in using static token
[2023-03-14 15:17:55] [INFO    ] discord.gateway: Shard ID 0 has connected to Gateway (Session ID: 347ea8973a85add12025c3c36499e2c8).
[2023-03-14 15:18:01] [INFO    ] discord.gateway: Shard ID 1 has connected to Gateway (Session ID: 35e1d09895462c2fd63961676e880b36).
[2023-03-14 15:18:44] [INFO    ] discord.client: logging in using static token
[2023-03-14 15:18:46] [INFO    ] discord.gateway: Shard ID 0 has connected to Gateway (Session ID: d94e803e3ca52b5d009b973186c12223).
[2023-03-14 15:18:51] [INFO    ] discord.gateway: Shard ID 1 has connected to Gateway (Session ID: 2a287c4d64527c68478c42cc2adf0c40).
[2023-03-14 15:19:08] [INFO    ] discord.client: logging in using static token
[2023-03-14 15:19:17] [INFO    ] discord.client: logging in using static token
[2023-03-14 15:19:18] [INFO    ] discord.gateway: Shard ID 0 has connected to Gateway (Session ID: a2b235a60d68e52afa176916366544bd).
[2023-03-14 15:20:06] [INFO    ] discord.client: logging in using static token
[2023-03-14 15:20:08] [INFO    ] discord.gateway: Shard ID 0 has connected to Gateway (Session ID: 56cca103f66d699cabae1bd1d42eac84).
[2023-03-14 15:20:58] [INFO    ] discord.client: logging in using static token
[2023-03-14 15:20:59] [INFO    ] discord.gateway: Shard ID 0 has connected to Gateway (Session ID: 73ed52ca5876d765a72b8cd798a522f4).
[2023-03-14 15:21:05] [INFO    ] discord.gateway: Shard ID 1 has connected to Gateway (Session ID: 92104f2ea5d526d8808639ee8c351a8a).
[2023-03-14 15:21:32] [INFO    ] discord.client: logging in using static token
[2023-03-14 15:21:35] [INFO    ] discord.gateway: Shard ID 0 has connected to Gateway (Session ID: 6e4e15fe5b8bd1abaac8cfc42864cdb1).
[2023-03-14 15:24:08] [INFO    ] discord.client: logging in using static token
[2023-03-14 15:24:44] [INFO    ] discord.client: logging in using static token
[2023-03-14 15:24:46] [INFO    ] discord.gateway: Shard ID 0 has connected to Gateway (Session ID: acd936ea31f4d8f55857141ac93175be).
[2023-03-14 15:24:51] [INFO    ] discord.gateway: Shard ID 1 has connected to Gateway (Session ID: 4c5d2283376cbcde1f27ee2e2317d353).
[2023-03-14 15:47:38] [INFO    ] discord.gateway: Shard ID 1 has successfully RESUMED session 4c5d2283376cbcde1f27ee2e2317d353.
[2023-03-14 16:39:49] [INFO    ] discord.gateway: Shard ID 0 has successfully RESUMED session acd936ea31f4d8f55857141ac93175be.
[2023-03-14 18:51:12] [INFO    ] discord.gateway: Shard ID 1 has successfully RESUMED session 4c5d2283376cbcde1f27ee2e2317d353.
[2023-03-14 19:52:52] [INFO    ] discord.gateway: Shard ID 0 has successfully RESUMED session acd936ea31f4d8f55857141ac93175be.
[2023-03-14 22:28:27] [INFO    ] discord.gateway: Shard ID 0 has successfully RESUMED session acd936ea31f4d8f55857141ac93175be.
[2023-03-14 22:43:46] [INFO    ] discord.gateway: Shard ID 1 has successfully RESUMED session 4c5d2283376cbcde1f27ee2e2317d353.
[2023-03-15 01:10:14] [INFO    ] discord.gateway: Shard ID 0 has successfully RESUMED session acd936ea31f4d8f55857141ac93175be.
[2023-03-15 02:10:33] [INFO    ] discord.gateway: Shard ID 1 has successfully RESUMED session 4c5d2283376cbcde1f27ee2e2317d353.
[2023-03-15 03:48:33] [INFO    ] discord.gateway: Shard ID 0 has successfully RESUMED session acd936ea31f4d8f55857141ac93175be.
[2023-03-15 04:05:25] [INFO    ] discord.client: logging in using static token
[2023-03-15 04:05:27] [INFO    ] discord.gateway: Shard ID 0 has connected to Gateway (Session ID: c7357c4ca4afb96b0790098482542ba4).
[2023-03-15 04:05:32] [INFO    ] discord.gateway: Shard ID 1 has connected to Gateway (Session ID: 92665b62c862811fbf7bccaa46c4adfd).
[2023-03-15 05:06:37] [INFO    ] discord.gateway: Shard ID 0 has successfully RESUMED session c7357c4ca4afb96b0790098482542ba4.
[2023-03-15 06:50:10] [INFO    ] discord.gateway: Shard ID 1 has successfully RESUMED session 92665b62c862811fbf7bccaa46c4adfd.
[2023-03-15 08:23:46] [INFO    ] discord.gateway: Shard ID 0 has successfully RESUMED session c7357c4ca4afb96b0790098482542ba4.
[2023-03-15 08:37:28] [INFO    ] discord.gateway: Shard ID 1 has successfully RESUMED session 92665b62c862811fbf7bccaa46c4adfd.
[2023-03-15 08:40:19] [INFO    ] discord.gateway: Shard ID 0 has successfully RESUMED session c7357c4ca4afb96b0790098482542ba4.
[2023-03-15 09:08:30] [INFO    ] discord.client: logging in using static token
[2023-03-15 09:08:32] [INFO    ] discord.gateway: Shard ID 0 has connected to Gateway (Session ID: f03e8f3e4482ccbd563ffa7c52e73c76).
[2023-03-15 09:08:37] [INFO    ] discord.gateway: Shard ID 1 has connected to Gateway (Session ID: e87b4fb267673fda6a6fdcefb203eedd).
[2023-03-15 09:20:44] [INFO    ] discord.client: logging in using static token
[2023-03-15 09:20:46] [INFO    ] discord.gateway: Shard ID 0 has connected to Gateway (Session ID: 64b1c910ed9ecc098b851718ceb4fc86).
[2023-03-15 09:20:51] [INFO    ] discord.gateway: Shard ID 1 has connected to Gateway (Session ID: fbe38d5d15e23a7ac85caabbb0b81eff).
[2023-03-15 09:38:37] [INFO    ] discord.client: logging in using static token
[2023-03-15 09:38:39] [INFO    ] discord.gateway: Shard ID 0 has connected to Gateway (Session ID: 16ffbc25b15e0d8ae5f7bdad4bee91de).
[2023-03-15 09:38:45] [INFO    ] discord.gateway: Shard ID 1 has connected to Gateway (Session ID: 32220aa32f068a71e9e1e78ea44fd012).
[2023-03-15 09:39:21] [INFO    ] discord.client: logging in using static token
[2023-03-15 09:39:23] [INFO    ] discord.gateway: Shard ID 0 has connected to Gateway (Session ID: 96a3397a1053bc1857dd85682519145d).
[2023-03-15 09:39:28] [INFO    ] discord.gateway: Shard ID 1 has connected to Gateway (Session ID: 7a9cb4d1d35d6fc712c3cedb8d5937ae).
[2023-03-15 09:39:48] [INFO    ] discord.client: logging in using static token
[2023-03-15 09:39:50] [INFO    ] discord.gateway: Shard ID 0 has connected to Gateway (Session ID: 25e3f4014ee626f45ea261eddba502be).
[2023-03-15 09:39:55] [INFO    ] discord.gateway: Shard ID 1 has connected to Gateway (Session ID: e9106395c45f85c7bc477de4b881a85d).
[2023-03-15 09:44:49] [INFO    ] discord.client: logging in using static token
[2023-03-15 09:44:51] [INFO    ] discord.gateway: Shard ID 0 has connected to Gateway (Session ID: 67365238ec783dfb4a8e935788096f5e).
[2023-03-15 09:44:56] [INFO    ] discord.gateway: Shard ID 1 has connected to Gateway (Session ID: f5f6b78878257b92586db069826a07ca).
[2023-03-15 09:45:03] [INFO    ] discord.client: logging in using static token
[2023-03-15 09:45:05] [INFO    ] discord.gateway: Shard ID 0 has connected to Gateway (Session ID: 26bdcce7ee393dce08e6c21d23115ced).
[2023-03-15 09:45:10] [INFO    ] discord.gateway: Shard ID 1 has connected to Gateway (Session ID: 30179dcea268d58ceb4a624b1cc41ac9).
[2023-03-15 09:50:32] [INFO    ] discord.client: logging in using static token
[2023-03-15 09:50:34] [INFO    ] discord.gateway: Shard ID 0 has connected to Gateway (Session ID: 5368f9b16f4b2937dacde60a8f480617).
[2023-03-15 09:50:34] [ERROR   ] discord.app_commands.tree: Ignoring exception in command 'emojitts'
Traceback (most recent call last):
  File "/opt/virtualenvs/python3/lib/python3.8/site-packages/discord/app_commands/commands.py", line 861, in _do_call
    return await self._callback(self.binding, interaction, **params)  # type: ignore
  File "/home/runner/dev-bot/cogs/misc.py", line 472, in emojitts
    a = [i.decode(encoding = 'utf-8') for i in str(bytes(file.read(), 'utf-8')).split(" ")]
  File "/home/runner/dev-bot/cogs/misc.py", line 472, in <listcomp>
    a = [i.decode(encoding = 'utf-8') for i in str(bytes(file.read(), 'utf-8')).split(" ")]
AttributeError: 'str' object has no attribute 'decode'

The above exception was the direct cause of the following exception:

Traceback (most recent call last):
  File "/opt/virtualenvs/python3/lib/python3.8/site-packages/discord/app_commands/tree.py", line 1242, in _call
    await command._invoke_with_namespace(interaction, namespace)
  File "/opt/virtualenvs/python3/lib/python3.8/site-packages/discord/app_commands/commands.py", line 887, in _invoke_with_namespace
    return await self._do_call(interaction, transformed_values)
  File "/opt/virtualenvs/python3/lib/python3.8/site-packages/discord/app_commands/commands.py", line 880, in _do_call
    raise CommandInvokeError(self, e) from e
discord.app_commands.errors.CommandInvokeError: Command 'emojitts' raised an exception: AttributeError: 'str' object has no attribute 'decode'
[2023-03-15 09:50:39] [INFO    ] discord.gateway: Shard ID 1 has connected to Gateway (Session ID: bfa4df9db4f16b25f1936eab461dd914).
[2023-03-15 09:51:56] [INFO    ] discord.client: logging in using static token
[2023-03-15 09:51:58] [INFO    ] discord.gateway: Shard ID 0 has connected to Gateway (Session ID: 481ec6e32040175f4d5b7c6214880e3c).
[2023-03-15 09:52:03] [ERROR   ] discord.app_commands.tree: Ignoring exception in command 'emojitts'
Traceback (most recent call last):
  File "/opt/virtualenvs/python3/lib/python3.8/site-packages/discord/app_commands/commands.py", line 861, in _do_call
    return await self._callback(self.binding, interaction, **params)  # type: ignore
  File "/home/runner/dev-bot/cogs/misc.py", line 472, in emojitts
    a = [i.decode(encoding = 'utf-8') for i in bytes(file.read(), 'utf-8').split(" ")]
TypeError: a bytes-like object is required, not 'str'

The above exception was the direct cause of the following exception:

Traceback (most recent call last):
  File "/opt/virtualenvs/python3/lib/python3.8/site-packages/discord/app_commands/tree.py", line 1242, in _call
    await command._invoke_with_namespace(interaction, namespace)
  File "/opt/virtualenvs/python3/lib/python3.8/site-packages/discord/app_commands/commands.py", line 887, in _invoke_with_namespace
    return await self._do_call(interaction, transformed_values)
  File "/opt/virtualenvs/python3/lib/python3.8/site-packages/discord/app_commands/commands.py", line 876, in _do_call
    raise CommandInvokeError(self, e) from e
discord.app_commands.errors.CommandInvokeError: Command 'emojitts' raised an exception: TypeError: a bytes-like object is required, not 'str'
[2023-03-15 09:52:03] [INFO    ] discord.gateway: Shard ID 1 has connected to Gateway (Session ID: 33e24978c56f01957e164252bab74a18).
[2023-03-15 09:52:44] [INFO    ] discord.client: logging in using static token
[2023-03-15 09:52:46] [INFO    ] discord.gateway: Shard ID 0 has connected to Gateway (Session ID: 97d7d6acc5710777227ec6f75a0f232a).
[2023-03-15 09:52:51] [INFO    ] discord.gateway: Shard ID 1 has connected to Gateway (Session ID: 174230b901b8c497a9ccedf029d1347b).
[2023-03-15 09:53:13] [INFO    ] discord.client: logging in using static token
[2023-03-15 09:53:15] [INFO    ] discord.gateway: Shard ID 0 has connected to Gateway (Session ID: 877c3d157bbe8baedc72259a3d859931).
[2023-03-15 09:53:20] [INFO    ] discord.gateway: Shard ID 1 has connected to Gateway (Session ID: 0ada84db94f227781e5700771be5564d).
[2023-03-15 09:56:00] [INFO    ] discord.client: logging in using static token
[2023-03-15 09:56:01] [INFO    ] discord.gateway: Shard ID 0 has connected to Gateway (Session ID: 0ae73206c7cd5701734db4ff98ba4911).
[2023-03-15 09:56:07] [INFO    ] discord.gateway: Shard ID 1 has connected to Gateway (Session ID: 2609a3aed8897b27f1b45e6b808f5916).
[2023-03-15 09:56:56] [INFO    ] discord.client: logging in using static token
[2023-03-15 09:56:58] [INFO    ] discord.gateway: Shard ID 0 has connected to Gateway (Session ID: 6add82c12c01bf04f93dc40de08a2b37).
[2023-03-15 09:57:01] [ERROR   ] discord.app_commands.tree: Ignoring exception in command 'emojitts'
Traceback (most recent call last):
  File "/opt/virtualenvs/python3/lib/python3.8/site-packages/discord/app_commands/commands.py", line 861, in _do_call
    return await self._callback(self.binding, interaction, **params)  # type: ignore
  File "/home/runner/dev-bot/cogs/misc.py", line 474, in emojitts
    a = [i.decode(encoding = 'utf-8') for i in bytes(file.read(), 'utf-8').split(" ")]
TypeError: a bytes-like object is required, not 'str'

The above exception was the direct cause of the following exception:

Traceback (most recent call last):
  File "/opt/virtualenvs/python3/lib/python3.8/site-packages/discord/app_commands/tree.py", line 1242, in _call
    await command._invoke_with_namespace(interaction, namespace)
  File "/opt/virtualenvs/python3/lib/python3.8/site-packages/discord/app_commands/commands.py", line 887, in _invoke_with_namespace
    return await self._do_call(interaction, transformed_values)
  File "/opt/virtualenvs/python3/lib/python3.8/site-packages/discord/app_commands/commands.py", line 876, in _do_call
    raise CommandInvokeError(self, e) from e
discord.app_commands.errors.CommandInvokeError: Command 'emojitts' raised an exception: TypeError: a bytes-like object is required, not 'str'
[2023-03-15 09:57:04] [INFO    ] discord.gateway: Shard ID 1 has connected to Gateway (Session ID: f18eafb0257d5d05266a2dcf00ed2bb6).
[2023-03-15 09:58:34] [INFO    ] discord.client: logging in using static token
[2023-03-15 09:58:36] [INFO    ] discord.gateway: Shard ID 0 has connected to Gateway (Session ID: 3a834a8bea247434311d96854e6dd559).
[2023-03-15 09:58:42] [INFO    ] discord.gateway: Shard ID 1 has connected to Gateway (Session ID: c259bdc341a5e2f34d8af1dcadafbf22).
[2023-03-15 09:58:57] [INFO    ] discord.client: logging in using static token
[2023-03-15 09:58:59] [INFO    ] discord.gateway: Shard ID 0 has connected to Gateway (Session ID: fa3e314e03e83171ecde8ae8b8bf9428).
[2023-03-15 09:59:04] [INFO    ] discord.gateway: Shard ID 1 has connected to Gateway (Session ID: a675ea5e26087cb4a2defa392971814b).
[2023-03-15 09:59:34] [INFO    ] discord.client: logging in using static token
[2023-03-15 09:59:46] [INFO    ] discord.gateway: Shard ID 0 has connected to Gateway (Session ID: ffdc227fff90917f1dbdaa440924421d).
[2023-03-15 09:59:52] [INFO    ] discord.gateway: Shard ID 1 has connected to Gateway (Session ID: 9b608c826bf5c539c6cb60ff4663d939).
[2023-03-15 10:00:11] [INFO    ] discord.client: logging in using static token
[2023-03-15 10:00:14] [INFO    ] discord.gateway: Shard ID 0 has connected to Gateway (Session ID: 8389dfe4c81886ee79017ddeeee5f103).
[2023-03-15 10:00:19] [INFO    ] discord.gateway: Shard ID 1 has connected to Gateway (Session ID: f00d654de05f1f72074bcf7eba2a09f4).
[2023-03-15 10:04:36] [INFO    ] discord.client: logging in using static token
[2023-03-15 10:04:38] [INFO    ] discord.gateway: Shard ID 0 has connected to Gateway (Session ID: 73d4e0b9dcd2c2bab78ab0d876623553).
[2023-03-15 10:04:43] [INFO    ] discord.gateway: Shard ID 1 has connected to Gateway (Session ID: a19f4e340e594aaf44743882d6d8d8f4).
[2023-03-15 10:04:56] [INFO    ] discord.client: logging in using static token
[2023-03-15 10:04:57] [INFO    ] discord.gateway: Shard ID 0 has connected to Gateway (Session ID: 3e790bb4e91248ef868e5988fec70bb7).
[2023-03-15 10:05:03] [INFO    ] discord.gateway: Shard ID 1 has connected to Gateway (Session ID: f747409a9c00b6b14afa97e07ca7796c).
[2023-03-15 10:05:36] [INFO    ] discord.client: logging in using static token
[2023-03-15 10:05:45] [INFO    ] discord.client: logging in using static token
[2023-03-15 10:05:48] [INFO    ] discord.gateway: Shard ID 0 has connected to Gateway (Session ID: ee356ce1d333d38b2f494a7fffc8ce4e).
[2023-03-15 10:05:53] [INFO    ] discord.gateway: Shard ID 1 has connected to Gateway (Session ID: 76a66861c89e8f90612a613920b4d013).
[2023-03-15 10:11:54] [INFO    ] discord.client: logging in using static token
[2023-03-15 10:11:56] [INFO    ] discord.gateway: Shard ID 0 has connected to Gateway (Session ID: 4cccaa9a6c5379ff008d458bd6a6e2c7).
[2023-03-15 10:12:02] [INFO    ] discord.gateway: Shard ID 1 has connected to Gateway (Session ID: fdf8ba3875abcb1631c92f4efaa1a1a7).
[2023-03-15 10:50:32] [INFO    ] discord.gateway: Shard ID 0 has successfully RESUMED session 4cccaa9a6c5379ff008d458bd6a6e2c7.
[2023-03-15 10:58:37] [INFO    ] discord.client: logging in using static token
[2023-03-15 10:58:39] [INFO    ] discord.gateway: Shard ID 0 has connected to Gateway (Session ID: 9fb9fbd990bf3a99fa5f7ed1b1caa527).
[2023-03-15 10:58:44] [INFO    ] discord.gateway: Shard ID 1 has connected to Gateway (Session ID: c1c589dba7701afe93e1a81f2aed0bb3).
[2023-03-15 12:00:28] [INFO    ] discord.client: logging in using static token
[2023-03-15 12:00:30] [INFO    ] discord.gateway: Shard ID 0 has connected to Gateway (Session ID: ab68472dcfa38901aeed8365e58e1977).
[2023-03-15 12:00:35] [INFO    ] discord.gateway: Shard ID 1 has connected to Gateway (Session ID: d4874aff0763393e354e87685e335fba).
[2023-03-15 13:01:25] [INFO    ] discord.client: logging in using static token
[2023-03-15 13:01:27] [INFO    ] discord.gateway: Shard ID 0 has connected to Gateway (Session ID: 73ccbbc34f638f9771877add95cd79bd).
[2023-03-15 13:01:32] [INFO    ] discord.gateway: Shard ID 1 has connected to Gateway (Session ID: f0c0d35ea20cba5a05e22a1266a891fc).
[2023-03-15 13:17:22] [INFO    ] discord.client: logging in using static token
[2023-03-15 13:17:24] [INFO    ] discord.gateway: Shard ID 0 has connected to Gateway (Session ID: c5fc9698cf77fab89ec6e7907ef917f3).
[2023-03-15 13:17:29] [INFO    ] discord.gateway: Shard ID 1 has connected to Gateway (Session ID: 68c78c1a1d4d62544d6f911da32be678).
[2023-03-15 13:43:40] [INFO    ] discord.gateway: Shard ID 0 has successfully RESUMED session c5fc9698cf77fab89ec6e7907ef917f3.
[2023-03-15 14:19:10] [INFO    ] discord.client: logging in using static token
[2023-03-15 14:19:12] [INFO    ] discord.gateway: Shard ID 0 has connected to Gateway (Session ID: 8ae51091af79c37684c675ea0ae3668c).
[2023-03-15 14:19:17] [INFO    ] discord.gateway: Shard ID 1 has connected to Gateway (Session ID: 241e825b103195d35c118d8e2d0a77e8).
[2023-03-15 15:21:03] [INFO    ] discord.client: logging in using static token
[2023-03-15 15:21:04] [INFO    ] discord.gateway: Shard ID 0 has connected to Gateway (Session ID: 8f08a79d9b178570ba97e2981e2a19b9).
[2023-03-15 15:21:10] [INFO    ] discord.gateway: Shard ID 1 has connected to Gateway (Session ID: 8a9c6e61dce98aa22a38b322712d9a27).
[2023-03-15 16:17:47] [INFO    ] discord.client: logging in using static token
[2023-03-15 16:17:49] [INFO    ] discord.gateway: Shard ID 0 has connected to Gateway (Session ID: b0768b71ec70d73ef464c6dd6afaa08e).
[2023-03-15 16:17:54] [INFO    ] discord.gateway: Shard ID 1 has connected to Gateway (Session ID: 26111826930e453d22e93b29de237519).
[2023-03-15 17:19:24] [INFO    ] discord.client: logging in using static token
[2023-03-15 17:19:26] [INFO    ] discord.gateway: Shard ID 0 has connected to Gateway (Session ID: 9386a97131c135dca63ca311045d3169).
[2023-03-15 17:19:31] [INFO    ] discord.gateway: Shard ID 1 has connected to Gateway (Session ID: bfa8be149d42459007b24c219b1d067d).
[2023-03-15 18:28:44] [INFO    ] discord.gateway: Shard ID 0 has successfully RESUMED session 9386a97131c135dca63ca311045d3169.
[2023-03-15 19:20:41] [INFO    ] discord.gateway: Shard ID 0 has successfully RESUMED session 9386a97131c135dca63ca311045d3169.
[2023-03-15 20:06:39] [INFO    ] discord.gateway: Shard ID 0 has successfully RESUMED session 9386a97131c135dca63ca311045d3169.
[2023-03-15 20:14:52] [INFO    ] discord.gateway: Shard ID 1 has successfully RESUMED session bfa8be149d42459007b24c219b1d067d.
[2023-03-15 21:14:41] [INFO    ] discord.gateway: Shard ID 1 has successfully RESUMED session bfa8be149d42459007b24c219b1d067d.
[2023-03-15 21:33:04] [INFO    ] discord.gateway: Shard ID 0 has successfully RESUMED session 9386a97131c135dca63ca311045d3169.
[2023-03-15 21:48:13] [INFO    ] discord.gateway: Shard ID 1 has successfully RESUMED session bfa8be149d42459007b24c219b1d067d.
[2023-03-15 22:15:49] [INFO    ] discord.gateway: Shard ID 0 has successfully RESUMED session 9386a97131c135dca63ca311045d3169.
[2023-03-15 22:50:01] [INFO    ] discord.gateway: Shard ID 0 has successfully RESUMED session 9386a97131c135dca63ca311045d3169.
[2023-03-15 23:10:02] [INFO    ] discord.gateway: Shard ID 1 has successfully RESUMED session bfa8be149d42459007b24c219b1d067d.
[2023-03-15 23:13:24] [INFO    ] discord.gateway: Shard ID 0 has successfully RESUMED session 9386a97131c135dca63ca311045d3169.
[2023-03-15 23:43:20] [INFO    ] discord.gateway: Shard ID 1 has successfully RESUMED session bfa8be149d42459007b24c219b1d067d.
[2023-03-16 00:51:07] [INFO    ] discord.gateway: Shard ID 0 has successfully RESUMED session 9386a97131c135dca63ca311045d3169.
[2023-03-16 03:02:05] [INFO    ] discord.gateway: Shard ID 1 has successfully RESUMED session bfa8be149d42459007b24c219b1d067d.
[2023-03-16 03:23:56] [INFO    ] discord.gateway: Shard ID 0 has successfully RESUMED session 9386a97131c135dca63ca311045d3169.
[2023-03-16 04:10:35] [INFO    ] discord.client: logging in using static token
[2023-03-16 04:10:36] [INFO    ] discord.gateway: Shard ID 0 has connected to Gateway (Session ID: 939f9f332eaf323b709d8d066c48d6db).
[2023-03-16 04:10:42] [INFO    ] discord.gateway: Shard ID 1 has connected to Gateway (Session ID: 92effbf3e4b2d2fb75eeb34919f2297c).
[2023-03-16 04:41:37] [INFO    ] discord.gateway: Shard ID 0 has successfully RESUMED session 939f9f332eaf323b709d8d066c48d6db.
[2023-03-16 05:16:16] [INFO    ] discord.gateway: Shard ID 1 has successfully RESUMED session 92effbf3e4b2d2fb75eeb34919f2297c.
[2023-03-16 05:47:31] [INFO    ] discord.gateway: Shard ID 1 has successfully RESUMED session 92effbf3e4b2d2fb75eeb34919f2297c.
[2023-03-16 06:53:07] [INFO    ] discord.gateway: Shard ID 0 has successfully RESUMED session 939f9f332eaf323b709d8d066c48d6db.
[2023-03-16 06:56:55] [INFO    ] discord.gateway: Shard ID 1 has successfully RESUMED session 92effbf3e4b2d2fb75eeb34919f2297c.
[2023-03-16 08:25:11] [INFO    ] discord.gateway: Shard ID 1 has successfully RESUMED session 92effbf3e4b2d2fb75eeb34919f2297c.
[2023-03-16 09:13:09] [INFO    ] discord.gateway: Shard ID 0 has successfully RESUMED session 939f9f332eaf323b709d8d066c48d6db.
[2023-03-16 09:37:26] [INFO    ] discord.gateway: Shard ID 0 has successfully RESUMED session 939f9f332eaf323b709d8d066c48d6db.
[2023-03-16 10:35:19] [INFO    ] discord.gateway: Shard ID 1 has successfully RESUMED session 92effbf3e4b2d2fb75eeb34919f2297c.
[2023-03-16 10:45:38] [INFO    ] discord.gateway: Shard ID 0 has successfully RESUMED session 939f9f332eaf323b709d8d066c48d6db.
[2023-03-16 11:10:26] [INFO    ] discord.gateway: Shard ID 0 has successfully RESUMED session 939f9f332eaf323b709d8d066c48d6db.
[2023-03-16 13:40:11] [INFO    ] discord.gateway: Shard ID 1 has successfully RESUMED session 92effbf3e4b2d2fb75eeb34919f2297c.
[2023-03-16 13:42:14] [INFO    ] discord.gateway: Shard ID 0 has successfully RESUMED session 939f9f332eaf323b709d8d066c48d6db.
[2023-03-16 14:13:32] [INFO    ] discord.gateway: Shard ID 0 has successfully RESUMED session 939f9f332eaf323b709d8d066c48d6db.
[2023-03-16 14:48:49] [INFO    ] discord.gateway: Shard ID 1 has successfully RESUMED session 92effbf3e4b2d2fb75eeb34919f2297c.
[2023-03-16 15:34:23] [INFO    ] discord.gateway: Shard ID 1 has successfully RESUMED session 92effbf3e4b2d2fb75eeb34919f2297c.
[2023-03-16 16:38:44] [INFO    ] discord.gateway: Shard ID 1 has successfully RESUMED session 92effbf3e4b2d2fb75eeb34919f2297c.
[2023-03-16 17:07:55] [INFO    ] discord.gateway: Shard ID 0 has successfully RESUMED session 939f9f332eaf323b709d8d066c48d6db.
[2023-03-16 17:38:47] [INFO    ] discord.client: logging in using static token
[2023-03-16 17:38:49] [INFO    ] discord.gateway: Shard ID 0 has connected to Gateway (Session ID: 5687ec43193cae62e9266bb16bbc7441).
[2023-03-16 17:38:54] [INFO    ] discord.gateway: Shard ID 1 has connected to Gateway (Session ID: 0d0d20c40d412332efdaaf519a5b4516).
[2023-03-16 17:39:29] [INFO    ] discord.client: logging in using static token
[2023-03-16 17:39:31] [INFO    ] discord.gateway: Shard ID 0 has connected to Gateway (Session ID: 82d64a99e8fb6eeb37167d5e91af1924).
[2023-03-16 17:39:36] [INFO    ] discord.gateway: Shard ID 1 has connected to Gateway (Session ID: 8cd04d87bbdf94bfb3ef9d612af8873a).
[2023-03-16 17:39:43] [ERROR   ] discord.ui.view: Ignoring exception in view <Info timeout=180.0 children=5> for item <Button style=<ButtonStyle.primary: 1> url=None disabled=False label='Patch notes' emoji=None row=None>
Traceback (most recent call last):
  File "/opt/virtualenvs/python3/lib/python3.8/site-packages/discord/ui/view.py", line 425, in _scheduled_task
    await item.callback(interaction)
  File "/opt/virtualenvs/python3/lib/python3.8/site-packages/discord/ui/view.py", line 138, in __call__
    return self.callback(self.view, interaction, self.item)
TypeError: cl() takes 1 positional argument but 3 were given
[2023-03-16 17:39:49] [ERROR   ] discord.ui.view: Ignoring exception in view <Info timeout=180.0 children=5> for item <Button style=<ButtonStyle.primary: 1> url=None disabled=False label='License' emoji=None row=None>
Traceback (most recent call last):
  File "/opt/virtualenvs/python3/lib/python3.8/site-packages/discord/ui/view.py", line 425, in _scheduled_task
    await item.callback(interaction)
  File "/opt/virtualenvs/python3/lib/python3.8/site-packages/discord/ui/view.py", line 138, in __call__
    return self.callback(self.view, interaction, self.item)
TypeError: lic() takes 1 positional argument but 3 were given
[2023-03-16 17:40:01] [ERROR   ] discord.ui.view: Ignoring exception in view <Info timeout=180.0 children=5> for item <Button style=<ButtonStyle.primary: 1> url=None disabled=False label='Patch notes' emoji=None row=None>
Traceback (most recent call last):
  File "/opt/virtualenvs/python3/lib/python3.8/site-packages/discord/ui/view.py", line 425, in _scheduled_task
    await item.callback(interaction)
  File "/opt/virtualenvs/python3/lib/python3.8/site-packages/discord/ui/view.py", line 138, in __call__
    return self.callback(self.view, interaction, self.item)
TypeError: cl() takes 1 positional argument but 3 were given
[2023-03-16 17:40:36] [ERROR   ] discord.ui.view: Ignoring exception in view <Info timeout=180.0 children=5> for item <Button style=<ButtonStyle.primary: 1> url=None disabled=False label='Patch notes' emoji=None row=None>
Traceback (most recent call last):
  File "/opt/virtualenvs/python3/lib/python3.8/site-packages/discord/ui/view.py", line 425, in _scheduled_task
    await item.callback(interaction)
  File "/opt/virtualenvs/python3/lib/python3.8/site-packages/discord/ui/view.py", line 138, in __call__
    return self.callback(self.view, interaction, self.item)
TypeError: cl() takes 1 positional argument but 3 were given
[2023-03-16 17:40:55] [INFO    ] discord.client: logging in using static token
[2023-03-16 17:40:57] [INFO    ] discord.gateway: Shard ID 0 has connected to Gateway (Session ID: 7d62a05751a4c8941936d0248f9da60a).
[2023-03-16 17:41:03] [INFO    ] discord.gateway: Shard ID 1 has connected to Gateway (Session ID: 8f29062afa13bf5ed8a4ffbb751880b8).
[2023-03-16 17:41:04] [ERROR   ] discord.ui.view: Ignoring exception in view <Info timeout=180.0 children=5> for item <Button style=<ButtonStyle.success: 3> url=None disabled=False label='Patch notes' emoji=None row=None>
Traceback (most recent call last):
  File "/opt/virtualenvs/python3/lib/python3.8/site-packages/discord/ui/view.py", line 425, in _scheduled_task
    await item.callback(interaction)
  File "/opt/virtualenvs/python3/lib/python3.8/site-packages/discord/ui/view.py", line 138, in __call__
    return self.callback(self.view, interaction, self.item)
TypeError: cl() takes 1 positional argument but 3 were given
[2023-03-16 17:43:31] [INFO    ] discord.client: logging in using static token
[2023-03-16 17:43:33] [INFO    ] discord.gateway: Shard ID 0 has connected to Gateway (Session ID: d1e5ab14fdeae74ce2bf795f5bf766e1).
[2023-03-16 17:43:39] [INFO    ] discord.gateway: Shard ID 1 has connected to Gateway (Session ID: 079ec74c828a8acad7fc60e3fda3710a).
[2023-03-16 17:44:54] [INFO    ] discord.client: logging in using static token
[2023-03-16 17:44:56] [INFO    ] discord.gateway: Shard ID 0 has connected to Gateway (Session ID: 4d9be2398429fde3bbee879ade066aeb).
[2023-03-16 17:45:01] [INFO    ] discord.gateway: Shard ID 1 has connected to Gateway (Session ID: 7b1d7b9f8ae643528ade1ae1bc7e5ef0).
[2023-03-16 18:18:42] [INFO    ] discord.gateway: Shard ID 0 has successfully RESUMED session 4d9be2398429fde3bbee879ade066aeb.
[2023-03-16 18:20:18] [INFO    ] discord.gateway: Shard ID 0 has successfully RESUMED session 4d9be2398429fde3bbee879ade066aeb.
[2023-03-16 18:30:10] [INFO    ] discord.client: logging in using static token
[2023-03-16 18:30:12] [INFO    ] discord.gateway: Shard ID 0 has connected to Gateway (Session ID: 71e1ebf31f6fb50348069410285e98ca).
[2023-03-16 18:30:17] [INFO    ] discord.gateway: Shard ID 1 has connected to Gateway (Session ID: 5c36ae56538d5bed3fc4b797eadbb073).
[2023-03-16 19:07:14] [INFO    ] discord.gateway: Shard ID 1 has successfully RESUMED session 5c36ae56538d5bed3fc4b797eadbb073.
[2023-03-16 19:10:21] [INFO    ] discord.gateway: Shard ID 1 has successfully RESUMED session 5c36ae56538d5bed3fc4b797eadbb073.
[2023-03-16 19:20:06] [INFO    ] discord.gateway: Shard ID 0 has successfully RESUMED session 71e1ebf31f6fb50348069410285e98ca.
[2023-03-16 20:37:55] [INFO    ] discord.gateway: Shard ID 0 has successfully RESUMED session 71e1ebf31f6fb50348069410285e98ca.
[2023-03-16 20:53:24] [INFO    ] discord.gateway: Shard ID 1 has successfully RESUMED session 5c36ae56538d5bed3fc4b797eadbb073.
[2023-03-16 20:54:15] [INFO    ] discord.gateway: Shard ID 0 has successfully RESUMED session 71e1ebf31f6fb50348069410285e98ca.
[2023-03-16 22:06:23] [INFO    ] discord.gateway: Shard ID 1 has successfully RESUMED session 5c36ae56538d5bed3fc4b797eadbb073.
[2023-03-16 22:09:48] [INFO    ] discord.gateway: Shard ID 0 has successfully RESUMED session 71e1ebf31f6fb50348069410285e98ca.
[2023-03-16 22:46:24] [INFO    ] discord.gateway: Shard ID 0 has successfully RESUMED session 71e1ebf31f6fb50348069410285e98ca.
[2023-03-16 22:47:02] [INFO    ] discord.gateway: Shard ID 0 has successfully RESUMED session 71e1ebf31f6fb50348069410285e98ca.
[2023-03-16 23:05:41] [INFO    ] discord.gateway: Shard ID 1 has successfully RESUMED session 5c36ae56538d5bed3fc4b797eadbb073.
[2023-03-16 23:16:48] [INFO    ] discord.gateway: Shard ID 0 has successfully RESUMED session 71e1ebf31f6fb50348069410285e98ca.
[2023-03-16 23:30:13] [INFO    ] discord.gateway: Shard ID 1 has successfully RESUMED session 5c36ae56538d5bed3fc4b797eadbb073.
[2023-03-16 23:34:20] [INFO    ] discord.gateway: Shard ID 0 has successfully RESUMED session 71e1ebf31f6fb50348069410285e98ca.
[2023-03-17 00:22:42] [INFO    ] discord.gateway: Shard ID 0 has successfully RESUMED session 71e1ebf31f6fb50348069410285e98ca.
[2023-03-17 00:24:33] [INFO    ] discord.gateway: Shard ID 1 has successfully RESUMED session 5c36ae56538d5bed3fc4b797eadbb073.
[2023-03-17 00:46:53] [INFO    ] discord.gateway: Shard ID 1 has successfully RESUMED session 5c36ae56538d5bed3fc4b797eadbb073.
[2023-03-17 01:21:39] [INFO    ] discord.gateway: Shard ID 1 has successfully RESUMED session 5c36ae56538d5bed3fc4b797eadbb073.
[2023-03-17 02:43:33] [INFO    ] discord.gateway: Shard ID 0 has successfully RESUMED session 71e1ebf31f6fb50348069410285e98ca.
[2023-03-17 02:58:58] [INFO    ] discord.gateway: Shard ID 0 has successfully RESUMED session 71e1ebf31f6fb50348069410285e98ca.
[2023-03-17 03:27:10] [INFO    ] discord.gateway: Shard ID 1 has successfully RESUMED session 5c36ae56538d5bed3fc4b797eadbb073.
[2023-03-17 05:11:16] [INFO    ] discord.gateway: Shard ID 0 has successfully RESUMED session 71e1ebf31f6fb50348069410285e98ca.
[2023-03-17 06:32:12] [INFO    ] discord.gateway: Shard ID 1 has successfully RESUMED session 5c36ae56538d5bed3fc4b797eadbb073.
[2023-03-17 08:40:41] [INFO    ] discord.client: logging in using static token
[2023-03-17 08:40:43] [INFO    ] discord.gateway: Shard ID 0 has connected to Gateway (Session ID: 3b0ab23418b582640a63142c48fc4833).
[2023-03-17 08:40:49] [INFO    ] discord.gateway: Shard ID 1 has connected to Gateway (Session ID: 267819e79bd3aa073e40df8d031daeb9).
[2023-03-17 08:56:32] [INFO    ] discord.client: logging in using static token
[2023-03-17 08:56:34] [INFO    ] discord.gateway: Shard ID 0 has connected to Gateway (Session ID: c86f9c4f44d4adf73a4c548bf5a846d3).
[2023-03-17 08:56:39] [INFO    ] discord.gateway: Shard ID 1 has connected to Gateway (Session ID: 360c93b37a5839099a1afb202b1e1929).
[2023-03-17 08:56:41] [ERROR   ] discord.app_commands.tree: Ignoring exception in command 'gtfo from VC'
Traceback (most recent call last):
  File "/opt/virtualenvs/python3/lib/python3.8/site-packages/discord/app_commands/commands.py", line 1302, in _invoke
    await self._callback(interaction, arg)
  File "/home/runner/dev-bot/cogs/member.py", line 24, in voicemove
    await user.move_to(random.choice(allowed_vcs))
  File "/usr/lib/python3.8/random.py", line 288, in choice
    i = self._randbelow(len(seq))
TypeError: object of type 'filter' has no len()

The above exception was the direct cause of the following exception:

Traceback (most recent call last):
  File "/opt/virtualenvs/python3/lib/python3.8/site-packages/discord/app_commands/tree.py", line 1190, in _call_context_menu
    await ctx_menu._invoke(interaction, value)
  File "/opt/virtualenvs/python3/lib/python3.8/site-packages/discord/app_commands/commands.py", line 1306, in _invoke
    raise CommandInvokeError(self, e) from e
discord.app_commands.errors.CommandInvokeError: Command 'gtfo from VC' raised an exception: TypeError: object of type 'filter' has no len()
[2023-03-17 08:57:18] [INFO    ] discord.client: logging in using static token
[2023-03-17 08:57:20] [INFO    ] discord.gateway: Shard ID 0 has connected to Gateway (Session ID: 4619d11f4617ea8b2b37cda2585a5e36).
[2023-03-17 08:57:25] [INFO    ] discord.gateway: Shard ID 1 has connected to Gateway (Session ID: e9c32914ef0a07de95c0fcad35e30e2b).
[2023-03-17 09:07:09] [INFO    ] discord.client: logging in using static token
[2023-03-17 09:07:10] [INFO    ] discord.gateway: Shard ID 0 has connected to Gateway (Session ID: 059e527e3d9aaec4c71635b5f0a0ad40).
[2023-03-17 09:07:16] [INFO    ] discord.gateway: Shard ID 1 has connected to Gateway (Session ID: 6ccd7df852d2cae7a116e4d0e4ca2ad7).
[2023-03-17 09:09:18] [INFO    ] discord.client: logging in using static token
[2023-03-17 09:09:20] [INFO    ] discord.gateway: Shard ID 0 has connected to Gateway (Session ID: a57f72f4cde425bd6923a5098ec35394).
[2023-03-17 09:09:26] [INFO    ] discord.gateway: Shard ID 1 has connected to Gateway (Session ID: ec7092adad6943bfc791aa8abf378b4e).
[2023-03-17 09:18:35] [INFO    ] discord.client: logging in using static token
[2023-03-17 09:18:37] [INFO    ] discord.gateway: Shard ID 0 has connected to Gateway (Session ID: aef8fa71366ec8a9c8844bca1533dff9).
[2023-03-17 09:18:42] [INFO    ] discord.gateway: Shard ID 1 has connected to Gateway (Session ID: d7551eb902ccdb836478267d737a7b31).
[2023-03-17 09:29:09] [INFO    ] discord.client: logging in using static token
[2023-03-17 09:29:11] [INFO    ] discord.gateway: Shard ID 0 has connected to Gateway (Session ID: f6fc5a1004a4f726355a2badcb5bc54a).
[2023-03-17 09:29:16] [INFO    ] discord.gateway: Shard ID 1 has connected to Gateway (Session ID: 5fe4fcbdbefb2a8df006eb841ef5e3fd).
[2023-03-17 09:34:47] [INFO    ] discord.client: logging in using static token
[2023-03-17 09:34:49] [INFO    ] discord.gateway: Shard ID 0 has connected to Gateway (Session ID: d03d36f3c08d6dd03aa02cece2d615bc).
[2023-03-17 09:34:54] [INFO    ] discord.gateway: Shard ID 1 has connected to Gateway (Session ID: 1aa67a115e13d74ecc79de4d7e15ae44).
[2023-03-17 09:34:56] [ERROR   ] discord.app_commands.tree: Ignoring exception in command 'meme'
Traceback (most recent call last):
  File "/opt/virtualenvs/python3/lib/python3.8/site-packages/discord/app_commands/commands.py", line 861, in _do_call
    return await self._callback(self.binding, interaction, **params)  # type: ignore
  File "/home/runner/dev-bot/cogs/misc.py", line 310, in meme
    await interaction.response.send_message(embed=embed)
UnboundLocalError: local variable 'embed' referenced before assignment

The above exception was the direct cause of the following exception:

Traceback (most recent call last):
  File "/opt/virtualenvs/python3/lib/python3.8/site-packages/discord/app_commands/tree.py", line 1242, in _call
    await command._invoke_with_namespace(interaction, namespace)
  File "/opt/virtualenvs/python3/lib/python3.8/site-packages/discord/app_commands/commands.py", line 887, in _invoke_with_namespace
    return await self._do_call(interaction, transformed_values)
  File "/opt/virtualenvs/python3/lib/python3.8/site-packages/discord/app_commands/commands.py", line 880, in _do_call
    raise CommandInvokeError(self, e) from e
discord.app_commands.errors.CommandInvokeError: Command 'meme' raised an exception: UnboundLocalError: local variable 'embed' referenced before assignment
[2023-03-17 09:37:45] [INFO    ] discord.client: logging in using static token
[2023-03-17 09:37:47] [INFO    ] discord.gateway: Shard ID 0 has connected to Gateway (Session ID: 169c58936aa1a0e435a5d6b9be5b49c6).
[2023-03-17 09:37:52] [INFO    ] discord.gateway: Shard ID 1 has connected to Gateway (Session ID: 2cd4f5c51fef1e3b58a1511b0ba3156a).
